config
  world_size=2
  model=resnet18
  batch_size=256
  num_workers=1
  dataset_size=4096
  steps=5
  mode=gpu
  backend=nccl
  trace_name=runpod_gpu_batch256
  warmup_steps=3
  profiled_steps=2
gpu mapping
  rank 0: local_rank=0 device=cuda:0 (NVIDIA GeForce RTX 3090)
  rank 1: local_rank=1 device=cuda:1 (NVIDIA GeForce RTX 3090)
trace labels to look for
  train_step
  next_batch
  forward
  loss
  backward
  optimizer_step
profiled step summary
  rank 0: profiled_steps=2, profiled_images=512, avg_profiled_step_time=0.6556s, loss=7.0345
  rank 1: profiled_steps=2, profiled_images=512, avg_profiled_step_time=0.6574s, loss=6.9572
throughput summary
  profiled_window_images=1024
  profiled_window_seconds=1.3148
  estimated_global_images_per_second=778.8 images/s
  compare this number across the tuning ladder together with the GPU trace
trace files
  runpod_gpu_batch256_rank0.json
  runpod_gpu_batch256_rank1.json
saved log
  runpod_gpu_batch256_stdout.log
