config
  world_size=2
  model=resnet18
  batch_size=64
  num_workers=0
  dataset_size=4096
  steps=5
  mode=gpu
  backend=nccl
  trace_name=runpod_gpu_initial
  warmup_steps=3
  profiled_steps=2
gpu mapping
  rank 0: local_rank=0 device=cuda:0 (NVIDIA GeForce RTX 3090)
  rank 1: local_rank=1 device=cuda:1 (NVIDIA GeForce RTX 3090)
trace labels to look for
  train_step
  next_batch
  forward
  loss
  backward
  optimizer_step
profiled step summary
  rank 0: profiled_steps=2, profiled_images=128, avg_profiled_step_time=0.3801s, loss=7.1417
  rank 1: profiled_steps=2, profiled_images=128, avg_profiled_step_time=0.3789s, loss=7.0670
throughput summary
  profiled_window_images=256
  profiled_window_seconds=0.7603
  estimated_global_images_per_second=336.7 images/s
  compare this number across the tuning ladder together with the GPU trace
trace files
  runpod_gpu_initial_rank0.json
  runpod_gpu_initial_rank1.json
saved log
  runpod_gpu_initial_stdout.log
